Server started at port: 3000
MongoDB connection succeeded
Server started at port: 3000
MongoDB connection succeeded
::1 srikarrohit@gmail.com
{ API_KEY: 'TiKY7Md2dHpcZo1ih4KbkinTHh7CNTSjseg2ZB3ZiaEC2x1bFA==' }
scriptChain@13$67ahi1
Reached the login controller for the healthcare
{ emailAddress: 'srikarrohit@gmail.com', password: 'ragasree' }
1
test
::1 srikarrohit@gmail.com
{ API_KEY: 'TiKY7Md2dHpcZo1ih4KbkinTHh7CNTSjseg2ZB3ZiaEC2x1bFA==' }
scriptChain@13$67ahi1
Reached the login controller for the healthcare
{ emailAddress: 'srikarrohit@gmail.com', password: 'ragasree' }
1
test
Server started at port: 3000
MongoDB connection succeeded
::1 srikarrohit@gmail.com
{ API_KEY: 'TiKY7Md2dHpcZo1ih4KbkinTHh7CNTSjseg2ZB3ZiaEC2x1bFA==' }
scriptChain@13$67ahi1
Reached the login controller for the healthcare
{ emailAddress: 'srikarrohit@gmail.com', password: 'ragasree' }
1
test
Verifying the integrity of the jwt token
eyJhbGciOiJIUzI1NiIsInR5cCI6IkpXVCJ9.eyJfaWQiOiJhZGFkYWQiLCJpYXQiOjE2MjA2MzYzNTMsImV4cCI6MTYyMDYzODE1M30.9_fGGxoFj2u9vTIgMJjL03oTUJgNL6KmOtFRpuC5c-0
